{
    "execution_time": "2025-08-05 23:31:18",
    "total_suites": 8,
    "passed_suites": 0,
    "failed_suites": 8,
    "results": {
        "PublicRoutesTest": {
            "status": "FAILED",
            "duration": 49.31,
            "output": "Warning: TTY mode is not supported on Windows platform.\n\n   FAIL  Tests\\Browser\\PublicRoutesTest\n  \u2a2f landing page                                9.27s\n  \u2a2f menu page                                   5.32s\n  \u2a2f tv menu page                                5.11s\n  \u2a2f theme showcase                              5.03s\n  \u2a2f theme demo                                  5.12s\n  \u2a2f menu grid demo                              5.40s\n  \u2a2f installation route                          5.01s\n  \u2a2f composable product route                    7.00s\n  \u2500\u2500\u2500\u2500\u2500\u2500\u2500\u2500\u2500\u2500\u2500\u2500\u2500\u2500\u2500\u2500\u2500\u2500\u2500\u2500\u2500\u2500\u2500\u2500\u2500\u2500\u2500\u2500\u2500\u2500\u2500\u2500\u2500\u2500\u2500\u2500\u2500\u2500\u2500\u2500\u2500\u2500\u2500\u2500\u2500\u2500\u2500\u2500\u2500\u2500\u2500\n   FAILED  Tests\\Browse\u2026  SessionNotCreatedException\n  session not created: This version of ChromeDriver only supports Chrome version 139\nCurrent browser version is 138.0.7204.184 with binary path C:\\Program Files\\Google\\Chrome\\Application\\chrome.exe\n\n  at vendor\\php-webdriver\\webdriver\\lib\\Exception\\WebDriverException.php:130\n    126\u2595                     throw new NoSuchShadowRootException($message, $results);\n    127\u2595                 case 'script timeout':\n    128\u2595                     throw new ScriptTimeoutException($message, $results);\n    129\u2595                 case 'session not created':\n  \u279c 130\u2595                     throw new SessionNotCreatedException($message, $results);\n    131\u2595                 case 'stale element reference':\n    132\u2595                     throw new StaleElementReferenceException($message, $results);\n    133\u2595                 case 'detached shadow root':\n    134\u2595                     throw new DetachedShadowRootException($message, $results);\n\n  1   vendor\\php-webdriver\\webdriver\\lib\\Exception\\WebDriverException.php:130\n  2   vendor\\php-webdriver\\webdriver\\lib\\Remote\\HttpCommandExecutor.php:359\n\n  \u2500\u2500\u2500\u2500\u2500\u2500\u2500\u2500\u2500\u2500\u2500\u2500\u2500\u2500\u2500\u2500\u2500\u2500\u2500\u2500\u2500\u2500\u2500\u2500\u2500\u2500\u2500\u2500\u2500\u2500\u2500\u2500\u2500\u2500\u2500\u2500\u2500\u2500\u2500\u2500\u2500\u2500\u2500\u2500\u2500\u2500\u2500\u2500\u2500\u2500\u2500\n   FAILED  Tests\\Browse\u2026  SessionNotCreatedException\n  session not created: This version of ChromeDriver only supports Chrome version 139\nCurrent browser version is 138.0.7204.184 with binary path C:\\Program Files\\Google\\Chrome\\Application\\chrome.exe\n\n  at vendor\\php-webdriver\\webdriver\\lib\\Exception\\WebDriverException.php:130\n    126\u2595                     throw new NoSuchShadowRootException($message, $results);\n    127\u2595                 case 'script timeout':\n    128\u2595                     throw new ScriptTimeoutException($message, $results);\n    129\u2595                 case 'session not created':\n  \u279c 130\u2595                     throw new SessionNotCreatedException($message, $results);\n    131\u2595                 case 'stale element reference':\n    132\u2595                     throw new StaleElementReferenceException($message, $results);\n    133\u2595                 case 'detached shadow root':\n    134\u2595                     throw new DetachedShadowRootException($message, $results);\n\n  1   vendor\\php-webdriver\\webdriver\\lib\\Exception\\WebDriverException.php:130\n  2   vendor\\php-webdriver\\webdriver\\lib\\Remote\\HttpCommandExecutor.php:359\n\n  \u2500\u2500\u2500\u2500\u2500\u2500\u2500\u2500\u2500\u2500\u2500\u2500\u2500\u2500\u2500\u2500\u2500\u2500\u2500\u2500\u2500\u2500\u2500\u2500\u2500\u2500\u2500\u2500\u2500\u2500\u2500\u2500\u2500\u2500\u2500\u2500\u2500\u2500\u2500\u2500\u2500\u2500\u2500\u2500\u2500\u2500\u2500\u2500\u2500\u2500\u2500\n   FAILED  Tests\\Browse\u2026  SessionNotCreatedException\n  session not created: This version of ChromeDriver only supports Chrome version 139\nCurrent browser version is 138.0.7204.184 with binary path C:\\Program Files\\Google\\Chrome\\Application\\chrome.exe\n\n  at vendor\\php-webdriver\\webdriver\\lib\\Exception\\WebDriverException.php:130\n    126\u2595                     throw new NoSuchShadowRootException($message, $results);\n    127\u2595                 case 'script timeout':\n    128\u2595                     throw new ScriptTimeoutException($message, $results);\n    129\u2595                 case 'session not created':\n  \u279c 130\u2595                     throw new SessionNotCreatedException($message, $results);\n    131\u2595                 case 'stale element reference':\n    132\u2595                     throw new StaleElementReferenceException($message, $results);\n    133\u2595                 case 'detached shadow root':\n    134\u2595                     throw new DetachedShadowRootException($message, $results);\n\n  1   vendor\\php-webdriver\\webdriver\\lib\\Exception\\WebDriverException.php:130\n  2   vendor\\php-webdriver\\webdriver\\lib\\Remote\\HttpCommandExecutor.php:359\n\n  \u2500\u2500\u2500\u2500\u2500\u2500\u2500\u2500\u2500\u2500\u2500\u2500\u2500\u2500\u2500\u2500\u2500\u2500\u2500\u2500\u2500\u2500\u2500\u2500\u2500\u2500\u2500\u2500\u2500\u2500\u2500\u2500\u2500\u2500\u2500\u2500\u2500\u2500\u2500\u2500\u2500\u2500\u2500\u2500\u2500\u2500\u2500\u2500\u2500\u2500\u2500\n   FAILED  Tests\\Browse\u2026  SessionNotCreatedException\n  session not created: This version of ChromeDriver only supports Chrome version 139\nCurrent browser version is 138.0.7204.184 with binary path C:\\Program Files\\Google\\Chrome\\Application\\chrome.exe\n\n  at vendor\\php-webdriver\\webdriver\\lib\\Exception\\WebDriverException.php:130\n    126\u2595                     throw new NoSuchShadowRootException($message, $results);\n    127\u2595                 case 'script timeout':\n    128\u2595                     throw new ScriptTimeoutException($message, $results);\n    129\u2595                 case 'session not created':\n  \u279c 130\u2595                     throw new SessionNotCreatedException($message, $results);\n    131\u2595                 case 'stale element reference':\n    132\u2595                     throw new StaleElementReferenceException($message, $results);\n    133\u2595                 case 'detached shadow root':\n    134\u2595                     throw new DetachedShadowRootException($message, $results);\n\n  1   vendor\\php-webdriver\\webdriver\\lib\\Exception\\WebDriverException.php:130\n  2   vendor\\php-webdriver\\webdriver\\lib\\Remote\\HttpCommandExecutor.php:359\n\n  \u2500\u2500\u2500\u2500\u2500\u2500\u2500\u2500\u2500\u2500\u2500\u2500\u2500\u2500\u2500\u2500\u2500\u2500\u2500\u2500\u2500\u2500\u2500\u2500\u2500\u2500\u2500\u2500\u2500\u2500\u2500\u2500\u2500\u2500\u2500\u2500\u2500\u2500\u2500\u2500\u2500\u2500\u2500\u2500\u2500\u2500\u2500\u2500\u2500\u2500\u2500\n   FAILED  Tests\\Browse\u2026  SessionNotCreatedException\n  session not created: This version of ChromeDriver only supports Chrome version 139\nCurrent browser version is 138.0.7204.184 with binary path C:\\Program Files\\Google\\Chrome\\Application\\chrome.exe\n\n  at vendor\\php-webdriver\\webdriver\\lib\\Exception\\WebDriverException.php:130\n    126\u2595                     throw new NoSuchShadowRootException($message, $results);\n    127\u2595                 case 'script timeout':\n    128\u2595                     throw new ScriptTimeoutException($message, $results);\n    129\u2595                 case 'session not created':\n  \u279c 130\u2595                     throw new SessionNotCreatedException($message, $results);\n    131\u2595                 case 'stale element reference':\n    132\u2595                     throw new StaleElementReferenceException($message, $results);\n    133\u2595                 case 'detached shadow root':\n    134\u2595                     throw new DetachedShadowRootException($message, $results);\n\n  1   vendor\\php-webdriver\\webdriver\\lib\\Exception\\WebDriverException.php:130\n  2   vendor\\php-webdriver\\webdriver\\lib\\Remote\\HttpCommandExecutor.php:359\n\n  \u2500\u2500\u2500\u2500\u2500\u2500\u2500\u2500\u2500\u2500\u2500\u2500\u2500\u2500\u2500\u2500\u2500\u2500\u2500\u2500\u2500\u2500\u2500\u2500\u2500\u2500\u2500\u2500\u2500\u2500\u2500\u2500\u2500\u2500\u2500\u2500\u2500\u2500\u2500\u2500\u2500\u2500\u2500\u2500\u2500\u2500\u2500\u2500\u2500\u2500\u2500\n   FAILED  Tests\\Browse\u2026  SessionNotCreatedException\n  session not created: This version of ChromeDriver only supports Chrome version 139\nCurrent browser version is 138.0.7204.184 with binary path C:\\Program Files\\Google\\Chrome\\Application\\chrome.exe\n\n  at vendor\\php-webdriver\\webdriver\\lib\\Exception\\WebDriverException.php:130\n    126\u2595                     throw new NoSuchShadowRootException($message, $results);\n    127\u2595                 case 'script timeout':\n    128\u2595                     throw new ScriptTimeoutException($message, $results);\n    129\u2595                 case 'session not created':\n  \u279c 130\u2595                     throw new SessionNotCreatedException($message, $results);\n    131\u2595                 case 'stale element reference':\n    132\u2595                     throw new StaleElementReferenceException($message, $results);\n    133\u2595                 case 'detached shadow root':\n    134\u2595                     throw new DetachedShadowRootException($message, $results);\n\n  1   vendor\\php-webdriver\\webdriver\\lib\\Exception\\WebDriverException.php:130\n  2   vendor\\php-webdriver\\webdriver\\lib\\Remote\\HttpCommandExecutor.php:359\n\n  \u2500\u2500\u2500\u2500\u2500\u2500\u2500\u2500\u2500\u2500\u2500\u2500\u2500\u2500\u2500\u2500\u2500\u2500\u2500\u2500\u2500\u2500\u2500\u2500\u2500\u2500\u2500\u2500\u2500\u2500\u2500\u2500\u2500\u2500\u2500\u2500\u2500\u2500\u2500\u2500\u2500\u2500\u2500\u2500\u2500\u2500\u2500\u2500\u2500\u2500\u2500\n   FAILED  Tests\\Browse\u2026  SessionNotCreatedException\n  session not created: This version of ChromeDriver only supports Chrome version 139\nCurrent browser version is 138.0.7204.184 with binary path C:\\Program Files\\Google\\Chrome\\Application\\chrome.exe\n\n  at vendor\\php-webdriver\\webdriver\\lib\\Exception\\WebDriverException.php:130\n    126\u2595                     throw new NoSuchShadowRootException($message, $results);\n    127\u2595                 case 'script timeout':\n    128\u2595                     throw new ScriptTimeoutException($message, $results);\n    129\u2595                 case 'session not created':\n  \u279c 130\u2595                     throw new SessionNotCreatedException($message, $results);\n    131\u2595                 case 'stale element reference':\n    132\u2595                     throw new StaleElementReferenceException($message, $results);\n    133\u2595                 case 'detached shadow root':\n    134\u2595                     throw new DetachedShadowRootException($message, $results);\n\n  1   vendor\\php-webdriver\\webdriver\\lib\\Exception\\WebDriverException.php:130\n  2   vendor\\php-webdriver\\webdriver\\lib\\Remote\\HttpCommandExecutor.php:359\n\n  \u2500\u2500\u2500\u2500\u2500\u2500\u2500\u2500\u2500\u2500\u2500\u2500\u2500\u2500\u2500\u2500\u2500\u2500\u2500\u2500\u2500\u2500\u2500\u2500\u2500\u2500\u2500\u2500\u2500\u2500\u2500\u2500\u2500\u2500\u2500\u2500\u2500\u2500\u2500\u2500\u2500\u2500\u2500\u2500\u2500\u2500\u2500\u2500\u2500\u2500\u2500\n   FAILED  Tests\\Browse\u2026  SessionNotCreatedException\n  session not created: This version of ChromeDriver only supports Chrome version 139\nCurrent browser version is 138.0.7204.184 with binary path C:\\Program Files\\Google\\Chrome\\Application\\chrome.exe\n\n  at vendor\\php-webdriver\\webdriver\\lib\\Exception\\WebDriverException.php:130\n    126\u2595                     throw new NoSuchShadowRootException($message, $results);\n    127\u2595                 case 'script timeout':\n    128\u2595                     throw new ScriptTimeoutException($message, $results);\n    129\u2595                 case 'session not created':\n  \u279c 130\u2595                     throw new SessionNotCreatedException($message, $results);\n    131\u2595                 case 'stale element reference':\n    132\u2595                     throw new StaleElementReferenceException($message, $results);\n    133\u2595                 case 'detached shadow root':\n    134\u2595                     throw new DetachedShadowRootException($message, $results);\n\n  1   vendor\\php-webdriver\\webdriver\\lib\\Exception\\WebDriverException.php:130\n  2   vendor\\php-webdriver\\webdriver\\lib\\Remote\\HttpCommandExecutor.php:359\n\n\n  Tests:    8 failed (0 assertions)\n  Duration: 48.10s\n",
            "timestamp": "2025-08-05 23:30:30"
        },
        "AdminDashboardTest": {
            "status": "FAILED",
            "duration": 9,
            "output": "Warning: TTY mode is not supported on Windows platform.\n\n   FAIL  Tests\\Browser\\AdminDashboardTest\n  \u2a2f admin dashboard                             6.31s\n  \u2a2f admin p o s                                 0.06s\n  \u2500\u2500\u2500\u2500\u2500\u2500\u2500\u2500\u2500\u2500\u2500\u2500\u2500\u2500\u2500\u2500\u2500\u2500\u2500\u2500\u2500\u2500\u2500\u2500\u2500\u2500\u2500\u2500\u2500\u2500\u2500\u2500\u2500\u2500\u2500\u2500\u2500\u2500\u2500\u2500\u2500\u2500\u2500\u2500\u2500\u2500\u2500\u2500\u2500\u2500\u2500\n   FAILED  Tests\\Browser\\AdminDashb\u2026  QueryException\n  SQLSTATE[42S22]: Column not found: 1054 Unknown column 'role' in 'field list' (Connection: mysql, SQL: insert into `users` (`name`, `email`, `email_verified_at`, `password`, `remember_token`, `role`, `id`, `updated_at`, `created_at`) values (Ernestine Rohan, admin@test.com, 2025-08-05 23:30:35, $2y$12$irwL8lU9D1G0CXhzQQmYCuwvhrY3rkC8.SBvafqGlGs.6V6z6Y\/XS, He2HEjLhPl, admin, 01987c92-965d-73ca-a6a5-aad7ef5f587a, 2025-08-05 23:30:38, 2025-08-05 23:30:38))\n\n  at vendor\\laravel\\framework\\src\\Illuminate\\Database\\MySqlConnection.php:47\n     43\u2595             if ($this->pretending()) {\n     44\u2595                 return true;\n     45\u2595             }\n     46\u2595\n  \u279c  47\u2595             $statement = $this->getPdo()->prepare($query);\n     48\u2595\n     49\u2595             $this->bindValues($statement, $this->prepareBindings($bindings));\n     50\u2595\n     51\u2595             $this->recordsHaveBeenModified();\n\n  1   vendor\\laravel\\framework\\src\\Illuminate\\Database\\MySqlConnection.php:47\n  2   vendor\\laravel\\framework\\src\\Illuminate\\Database\\Connection.php:811\n\n  \u2500\u2500\u2500\u2500\u2500\u2500\u2500\u2500\u2500\u2500\u2500\u2500\u2500\u2500\u2500\u2500\u2500\u2500\u2500\u2500\u2500\u2500\u2500\u2500\u2500\u2500\u2500\u2500\u2500\u2500\u2500\u2500\u2500\u2500\u2500\u2500\u2500\u2500\u2500\u2500\u2500\u2500\u2500\u2500\u2500\u2500\u2500\u2500\u2500\u2500\u2500\n   FAILED  Tests\\Browser\\AdminDashb\u2026  QueryException\n  SQLSTATE[42S22]: Column not found: 1054 Unknown column 'role' in 'field list' (Connection: mysql, SQL: insert into `users` (`name`, `email`, `email_verified_at`, `password`, `remember_token`, `role`, `id`, `updated_at`, `created_at`) values (Prof. Lenore Lind DDS, admin@test.com, 2025-08-05 23:30:38, $2y$12$irwL8lU9D1G0CXhzQQmYCuwvhrY3rkC8.SBvafqGlGs.6V6z6Y\/XS, MLkUd9Z2na, admin, 01987c92-9898-7373-904c-f638f05f11fc, 2025-08-05 23:30:38, 2025-08-05 23:30:38))\n\n  at vendor\\laravel\\framework\\src\\Illuminate\\Database\\MySqlConnection.php:47\n     43\u2595             if ($this->pretending()) {\n     44\u2595                 return true;\n     45\u2595             }\n     46\u2595\n  \u279c  47\u2595             $statement = $this->getPdo()->prepare($query);\n     48\u2595\n     49\u2595             $this->bindValues($statement, $this->prepareBindings($bindings));\n     50\u2595\n     51\u2595             $this->recordsHaveBeenModified();\n\n  1   vendor\\laravel\\framework\\src\\Illuminate\\Database\\MySqlConnection.php:47\n  2   vendor\\laravel\\framework\\src\\Illuminate\\Database\\Connection.php:811\n\n\n  Tests:    2 failed (0 assertions)\n  Duration: 6.97s\n",
            "timestamp": "2025-08-05 23:30:39"
        },
        "AdminProductManagementTest": {
            "status": "FAILED",
            "duration": 3.59,
            "output": "Warning: TTY mode is not supported on Windows platform.\n\n   FAIL  Tests\\Browser\\AdminProductManagementTest\n  \u2a2f admin products index                        1.04s\n  \u2a2f admin composable products                   0.04s\n  \u2500\u2500\u2500\u2500\u2500\u2500\u2500\u2500\u2500\u2500\u2500\u2500\u2500\u2500\u2500\u2500\u2500\u2500\u2500\u2500\u2500\u2500\u2500\u2500\u2500\u2500\u2500\u2500\u2500\u2500\u2500\u2500\u2500\u2500\u2500\u2500\u2500\u2500\u2500\u2500\u2500\u2500\u2500\u2500\u2500\u2500\u2500\u2500\u2500\u2500\u2500\n   FAILED  Tests\\Browser\\AdminProdu\u2026  QueryException\n  SQLSTATE[42S22]: Column not found: 1054 Unknown column 'role' in 'field list' (Connection: mysql, SQL: insert into `users` (`name`, `email`, `email_verified_at`, `password`, `remember_token`, `role`, `id`, `updated_at`, `created_at`) values (Dr. Brisa Daniel V, admin@test.com, 2025-08-05 23:30:41, $2y$12$ybhfhdbjI1o0GHie2KCPu.LzfyP7Ho08P5lsMl71ikUPjO2dXhECm, 8NIQeetuOo, admin, 01987c92-a5a5-7287-bcf5-b9198524cd9f, 2025-08-05 23:30:42, 2025-08-05 23:30:42))\n\n  at vendor\\laravel\\framework\\src\\Illuminate\\Database\\MySqlConnection.php:47\n     43\u2595             if ($this->pretending()) {\n     44\u2595                 return true;\n     45\u2595             }\n     46\u2595\n  \u279c  47\u2595             $statement = $this->getPdo()->prepare($query);\n     48\u2595\n     49\u2595             $this->bindValues($statement, $this->prepareBindings($bindings));\n     50\u2595\n     51\u2595             $this->recordsHaveBeenModified();\n\n  1   vendor\\laravel\\framework\\src\\Illuminate\\Database\\MySqlConnection.php:47\n  2   vendor\\laravel\\framework\\src\\Illuminate\\Database\\Connection.php:811\n\n  \u2500\u2500\u2500\u2500\u2500\u2500\u2500\u2500\u2500\u2500\u2500\u2500\u2500\u2500\u2500\u2500\u2500\u2500\u2500\u2500\u2500\u2500\u2500\u2500\u2500\u2500\u2500\u2500\u2500\u2500\u2500\u2500\u2500\u2500\u2500\u2500\u2500\u2500\u2500\u2500\u2500\u2500\u2500\u2500\u2500\u2500\u2500\u2500\u2500\u2500\u2500\n   FAILED  Tests\\Browser\\AdminProdu\u2026  QueryException\n  SQLSTATE[42S22]: Column not found: 1054 Unknown column 'role' in 'field list' (Connection: mysql, SQL: insert into `users` (`name`, `email`, `email_verified_at`, `password`, `remember_token`, `role`, `id`, `updated_at`, `created_at`) values (Wava Renner, admin@test.com, 2025-08-05 23:30:42, $2y$12$ybhfhdbjI1o0GHie2KCPu.LzfyP7Ho08P5lsMl71ikUPjO2dXhECm, qYxqffjLXq, admin, 01987c92-a603-72e3-9126-901d62c60eac, 2025-08-05 23:30:42, 2025-08-05 23:30:42))\n\n  at vendor\\laravel\\framework\\src\\Illuminate\\Database\\MySqlConnection.php:47\n     43\u2595             if ($this->pretending()) {\n     44\u2595                 return true;\n     45\u2595             }\n     46\u2595\n  \u279c  47\u2595             $statement = $this->getPdo()->prepare($query);\n     48\u2595\n     49\u2595             $this->bindValues($statement, $this->prepareBindings($bindings));\n     50\u2595\n     51\u2595             $this->recordsHaveBeenModified();\n\n  1   vendor\\laravel\\framework\\src\\Illuminate\\Database\\MySqlConnection.php:47\n  2   vendor\\laravel\\framework\\src\\Illuminate\\Database\\Connection.php:811\n\n\n  Tests:    2 failed (0 assertions)\n  Duration: 1.75s\n",
            "timestamp": "2025-08-05 23:30:42"
        },
        "AdminInventoryTest": {
            "status": "FAILED",
            "duration": 3.8,
            "output": "Warning: TTY mode is not supported on Windows platform.\n\n   FAIL  Tests\\Browser\\AdminInventoryTest\n  \u2a2f admin inventory overview                    1.25s\n  \u2a2f admin ingredients                           0.10s\n  \u2a2f admin recipes                               0.07s\n  \u2a2f admin waste tracking                        0.09s\n  \u2500\u2500\u2500\u2500\u2500\u2500\u2500\u2500\u2500\u2500\u2500\u2500\u2500\u2500\u2500\u2500\u2500\u2500\u2500\u2500\u2500\u2500\u2500\u2500\u2500\u2500\u2500\u2500\u2500\u2500\u2500\u2500\u2500\u2500\u2500\u2500\u2500\u2500\u2500\u2500\u2500\u2500\u2500\u2500\u2500\u2500\u2500\u2500\u2500\u2500\u2500\n   FAILED  Tests\\Browser\\AdminInven\u2026  QueryException\n  SQLSTATE[42S22]: Column not found: 1054 Unknown column 'role' in 'field list' (Connection: mysql, SQL: insert into `users` (`name`, `email`, `email_verified_at`, `password`, `remember_token`, `role`, `id`, `updated_at`, `created_at`) values (Prof. Lyric Schuppe IV, admin@test.com, 2025-08-05 23:30:45, $2y$12$9AYh53jcZbIecoQLQcGYL.clvIRr1HwI\/fgJEEZbHcIFkgiMTlORW, y4U9GBfuAj, admin, 01987c92-b3ac-7134-9129-41f3c8398249, 2025-08-05 23:30:45, 2025-08-05 23:30:45))\n\n  at vendor\\laravel\\framework\\src\\Illuminate\\Database\\MySqlConnection.php:47\n     43\u2595             if ($this->pretending()) {\n     44\u2595                 return true;\n     45\u2595             }\n     46\u2595\n  \u279c  47\u2595             $statement = $this->getPdo()->prepare($query);\n     48\u2595\n     49\u2595             $this->bindValues($statement, $this->prepareBindings($bindings));\n     50\u2595\n     51\u2595             $this->recordsHaveBeenModified();\n\n  1   vendor\\laravel\\framework\\src\\Illuminate\\Database\\MySqlConnection.php:47\n  2   vendor\\laravel\\framework\\src\\Illuminate\\Database\\Connection.php:811\n\n  \u2500\u2500\u2500\u2500\u2500\u2500\u2500\u2500\u2500\u2500\u2500\u2500\u2500\u2500\u2500\u2500\u2500\u2500\u2500\u2500\u2500\u2500\u2500\u2500\u2500\u2500\u2500\u2500\u2500\u2500\u2500\u2500\u2500\u2500\u2500\u2500\u2500\u2500\u2500\u2500\u2500\u2500\u2500\u2500\u2500\u2500\u2500\u2500\u2500\u2500\u2500\n   FAILED  Tests\\Browser\\AdminInven\u2026  QueryException\n  SQLSTATE[42S22]: Column not found: 1054 Unknown column 'role' in 'field list' (Connection: mysql, SQL: insert into `users` (`name`, `email`, `email_verified_at`, `password`, `remember_token`, `role`, `id`, `updated_at`, `created_at`) values (Lucile Crist, admin@test.com, 2025-08-05 23:30:45, $2y$12$9AYh53jcZbIecoQLQcGYL.clvIRr1HwI\/fgJEEZbHcIFkgiMTlORW, Xeq6dLDVbQ, admin, 01987c92-b454-72aa-83c1-9d4fa487b05f, 2025-08-05 23:30:45, 2025-08-05 23:30:45))\n\n  at vendor\\laravel\\framework\\src\\Illuminate\\Database\\MySqlConnection.php:47\n     43\u2595             if ($this->pretending()) {\n     44\u2595                 return true;\n     45\u2595             }\n     46\u2595\n  \u279c  47\u2595             $statement = $this->getPdo()->prepare($query);\n     48\u2595\n     49\u2595             $this->bindValues($statement, $this->prepareBindings($bindings));\n     50\u2595\n     51\u2595             $this->recordsHaveBeenModified();\n\n  1   vendor\\laravel\\framework\\src\\Illuminate\\Database\\MySqlConnection.php:47\n  2   vendor\\laravel\\framework\\src\\Illuminate\\Database\\Connection.php:811\n\n  \u2500\u2500\u2500\u2500\u2500\u2500\u2500\u2500\u2500\u2500\u2500\u2500\u2500\u2500\u2500\u2500\u2500\u2500\u2500\u2500\u2500\u2500\u2500\u2500\u2500\u2500\u2500\u2500\u2500\u2500\u2500\u2500\u2500\u2500\u2500\u2500\u2500\u2500\u2500\u2500\u2500\u2500\u2500\u2500\u2500\u2500\u2500\u2500\u2500\u2500\u2500\n   FAILED  Tests\\Browser\\AdminInven\u2026  QueryException\n  SQLSTATE[42S22]: Column not found: 1054 Unknown column 'role' in 'field list' (Connection: mysql, SQL: insert into `users` (`name`, `email`, `email_verified_at`, `password`, `remember_token`, `role`, `id`, `updated_at`, `created_at`) values (Murray Schmitt, admin@test.com, 2025-08-05 23:30:46, $2y$12$9AYh53jcZbIecoQLQcGYL.clvIRr1HwI\/fgJEEZbHcIFkgiMTlORW, EFt9kxebfM, admin, 01987c92-b4a1-724c-9f68-a75c3bdfc38d, 2025-08-05 23:30:46, 2025-08-05 23:30:46))\n\n  at vendor\\laravel\\framework\\src\\Illuminate\\Database\\MySqlConnection.php:47\n     43\u2595             if ($this->pretending()) {\n     44\u2595                 return true;\n     45\u2595             }\n     46\u2595\n  \u279c  47\u2595             $statement = $this->getPdo()->prepare($query);\n     48\u2595\n     49\u2595             $this->bindValues($statement, $this->prepareBindings($bindings));\n     50\u2595\n     51\u2595             $this->recordsHaveBeenModified();\n\n  1   vendor\\laravel\\framework\\src\\Illuminate\\Database\\MySqlConnection.php:47\n  2   vendor\\laravel\\framework\\src\\Illuminate\\Database\\Connection.php:811\n\n  \u2500\u2500\u2500\u2500\u2500\u2500\u2500\u2500\u2500\u2500\u2500\u2500\u2500\u2500\u2500\u2500\u2500\u2500\u2500\u2500\u2500\u2500\u2500\u2500\u2500\u2500\u2500\u2500\u2500\u2500\u2500\u2500\u2500\u2500\u2500\u2500\u2500\u2500\u2500\u2500\u2500\u2500\u2500\u2500\u2500\u2500\u2500\u2500\u2500\u2500\u2500\n   FAILED  Tests\\Browser\\AdminInven\u2026  QueryException\n  SQLSTATE[42S22]: Column not found: 1054 Unknown column 'role' in 'field list' (Connection: mysql, SQL: insert into `users` (`name`, `email`, `email_verified_at`, `password`, `remember_token`, `role`, `id`, `updated_at`, `created_at`) values (Karolann Schneider, admin@test.com, 2025-08-05 23:30:46, $2y$12$9AYh53jcZbIecoQLQcGYL.clvIRr1HwI\/fgJEEZbHcIFkgiMTlORW, 6fifvklJEU, admin, 01987c92-b4f2-71b0-a798-6f1b4ea4d3f9, 2025-08-05 23:30:46, 2025-08-05 23:30:46))\n\n  at vendor\\laravel\\framework\\src\\Illuminate\\Database\\MySqlConnection.php:47\n     43\u2595             if ($this->pretending()) {\n     44\u2595                 return true;\n     45\u2595             }\n     46\u2595\n  \u279c  47\u2595             $statement = $this->getPdo()->prepare($query);\n     48\u2595\n     49\u2595             $this->bindValues($statement, $this->prepareBindings($bindings));\n     50\u2595\n     51\u2595             $this->recordsHaveBeenModified();\n\n  1   vendor\\laravel\\framework\\src\\Illuminate\\Database\\MySqlConnection.php:47\n  2   vendor\\laravel\\framework\\src\\Illuminate\\Database\\Connection.php:811\n\n\n  Tests:    4 failed (0 assertions)\n  Duration: 2.18s\n",
            "timestamp": "2025-08-05 23:30:46"
        },
        "AdminKitchenTest": {
            "status": "FAILED",
            "duration": 3.71,
            "output": "Warning: TTY mode is not supported on Windows platform.\n\n   FAIL  Tests\\Browser\\AdminKitchenTest\n  \u2a2f admin kitchen index                         0.93s\n  \u2a2f admin kitchen display                       0.06s\n  \u2a2f admin kitchen dashboard                     0.06s\n  \u2500\u2500\u2500\u2500\u2500\u2500\u2500\u2500\u2500\u2500\u2500\u2500\u2500\u2500\u2500\u2500\u2500\u2500\u2500\u2500\u2500\u2500\u2500\u2500\u2500\u2500\u2500\u2500\u2500\u2500\u2500\u2500\u2500\u2500\u2500\u2500\u2500\u2500\u2500\u2500\u2500\u2500\u2500\u2500\u2500\u2500\u2500\u2500\u2500\u2500\u2500\n   FAILED  Tests\\Browser\\AdminKitch\u2026  QueryException\n  SQLSTATE[42S22]: Column not found: 1054 Unknown column 'role' in 'field list' (Connection: mysql, SQL: insert into `users` (`name`, `email`, `email_verified_at`, `password`, `remember_token`, `role`, `id`, `updated_at`, `created_at`) values (Gonzalo Quitzon, admin@test.com, 2025-08-05 23:30:49, $2y$12$KWm7GapIKECGMNT.xYubjO7mv5VNeyej3utf6wnUNvcZBzRPnA9Be, IncyTTTiqi, admin, 01987c92-c1d9-72b8-830f-11d5c950d6a1, 2025-08-05 23:30:49, 2025-08-05 23:30:49))\n\n  at vendor\\laravel\\framework\\src\\Illuminate\\Database\\MySqlConnection.php:47\n     43\u2595             if ($this->pretending()) {\n     44\u2595                 return true;\n     45\u2595             }\n     46\u2595\n  \u279c  47\u2595             $statement = $this->getPdo()->prepare($query);\n     48\u2595\n     49\u2595             $this->bindValues($statement, $this->prepareBindings($bindings));\n     50\u2595\n     51\u2595             $this->recordsHaveBeenModified();\n\n  1   vendor\\laravel\\framework\\src\\Illuminate\\Database\\MySqlConnection.php:47\n  2   vendor\\laravel\\framework\\src\\Illuminate\\Database\\Connection.php:811\n\n  \u2500\u2500\u2500\u2500\u2500\u2500\u2500\u2500\u2500\u2500\u2500\u2500\u2500\u2500\u2500\u2500\u2500\u2500\u2500\u2500\u2500\u2500\u2500\u2500\u2500\u2500\u2500\u2500\u2500\u2500\u2500\u2500\u2500\u2500\u2500\u2500\u2500\u2500\u2500\u2500\u2500\u2500\u2500\u2500\u2500\u2500\u2500\u2500\u2500\u2500\u2500\n   FAILED  Tests\\Browser\\AdminKitch\u2026  QueryException\n  SQLSTATE[42S22]: Column not found: 1054 Unknown column 'role' in 'field list' (Connection: mysql, SQL: insert into `users` (`name`, `email`, `email_verified_at`, `password`, `remember_token`, `role`, `id`, `updated_at`, `created_at`) values (Dr. Elton Hauck, admin@test.com, 2025-08-05 23:30:49, $2y$12$KWm7GapIKECGMNT.xYubjO7mv5VNeyej3utf6wnUNvcZBzRPnA9Be, gkXYtP1i1H, admin, 01987c92-c23b-71de-b157-e226cc48d225, 2025-08-05 23:30:49, 2025-08-05 23:30:49))\n\n  at vendor\\laravel\\framework\\src\\Illuminate\\Database\\MySqlConnection.php:47\n     43\u2595             if ($this->pretending()) {\n     44\u2595                 return true;\n     45\u2595             }\n     46\u2595\n  \u279c  47\u2595             $statement = $this->getPdo()->prepare($query);\n     48\u2595\n     49\u2595             $this->bindValues($statement, $this->prepareBindings($bindings));\n     50\u2595\n     51\u2595             $this->recordsHaveBeenModified();\n\n  1   vendor\\laravel\\framework\\src\\Illuminate\\Database\\MySqlConnection.php:47\n  2   vendor\\laravel\\framework\\src\\Illuminate\\Database\\Connection.php:811\n\n  \u2500\u2500\u2500\u2500\u2500\u2500\u2500\u2500\u2500\u2500\u2500\u2500\u2500\u2500\u2500\u2500\u2500\u2500\u2500\u2500\u2500\u2500\u2500\u2500\u2500\u2500\u2500\u2500\u2500\u2500\u2500\u2500\u2500\u2500\u2500\u2500\u2500\u2500\u2500\u2500\u2500\u2500\u2500\u2500\u2500\u2500\u2500\u2500\u2500\u2500\u2500\n   FAILED  Tests\\Browser\\AdminKitch\u2026  QueryException\n  SQLSTATE[42S22]: Column not found: 1054 Unknown column 'role' in 'field list' (Connection: mysql, SQL: insert into `users` (`name`, `email`, `email_verified_at`, `password`, `remember_token`, `role`, `id`, `updated_at`, `created_at`) values (Albina Quigley, admin@test.com, 2025-08-05 23:30:49, $2y$12$KWm7GapIKECGMNT.xYubjO7mv5VNeyej3utf6wnUNvcZBzRPnA9Be, J7xnf1Rx8c, admin, 01987c92-c278-7060-80df-035bbf4cd2a0, 2025-08-05 23:30:49, 2025-08-05 23:30:49))\n\n  at vendor\\laravel\\framework\\src\\Illuminate\\Database\\MySqlConnection.php:47\n     43\u2595             if ($this->pretending()) {\n     44\u2595                 return true;\n     45\u2595             }\n     46\u2595\n  \u279c  47\u2595             $statement = $this->getPdo()->prepare($query);\n     48\u2595\n     49\u2595             $this->bindValues($statement, $this->prepareBindings($bindings));\n     50\u2595\n     51\u2595             $this->recordsHaveBeenModified();\n\n  1   vendor\\laravel\\framework\\src\\Illuminate\\Database\\MySqlConnection.php:47\n  2   vendor\\laravel\\framework\\src\\Illuminate\\Database\\Connection.php:811\n\n\n  Tests:    3 failed (0 assertions)\n  Duration: 1.94s\n",
            "timestamp": "2025-08-05 23:30:50"
        },
        "AdminFinanceOrderTest": {
            "status": "FAILED",
            "duration": 4.1,
            "output": "Warning: TTY mode is not supported on Windows platform.\n\n   FAIL  Tests\\Browser\\AdminFinanceOrderTest\n  \u2a2f admin orders                                1.04s\n  \u2a2f admin cash register                         0.06s\n  \u2a2f admin purchases                             0.16s\n  \u2a2f admin expenses                              0.05s\n  \u2500\u2500\u2500\u2500\u2500\u2500\u2500\u2500\u2500\u2500\u2500\u2500\u2500\u2500\u2500\u2500\u2500\u2500\u2500\u2500\u2500\u2500\u2500\u2500\u2500\u2500\u2500\u2500\u2500\u2500\u2500\u2500\u2500\u2500\u2500\u2500\u2500\u2500\u2500\u2500\u2500\u2500\u2500\u2500\u2500\u2500\u2500\u2500\u2500\u2500\u2500\n   FAILED  Tests\\Browser\\AdminFinan\u2026  QueryException\n  SQLSTATE[42S22]: Column not found: 1054 Unknown column 'role' in 'field list' (Connection: mysql, SQL: insert into `users` (`name`, `email`, `email_verified_at`, `password`, `remember_token`, `role`, `id`, `updated_at`, `created_at`) values (Arianna Bruen, admin@test.com, 2025-08-05 23:30:53, $2y$12$ZiAu9WQEiSJKvc4Ba8c4CeiwCjYLFSSgMDEDumpmIeRTqTRNBzHQS, MUSGldYMX7, admin, 01987c92-d217-70ed-be91-2af7345a2238, 2025-08-05 23:30:53, 2025-08-05 23:30:53))\n\n  at vendor\\laravel\\framework\\src\\Illuminate\\Database\\MySqlConnection.php:47\n     43\u2595             if ($this->pretending()) {\n     44\u2595                 return true;\n     45\u2595             }\n     46\u2595\n  \u279c  47\u2595             $statement = $this->getPdo()->prepare($query);\n     48\u2595\n     49\u2595             $this->bindValues($statement, $this->prepareBindings($bindings));\n     50\u2595\n     51\u2595             $this->recordsHaveBeenModified();\n\n  1   vendor\\laravel\\framework\\src\\Illuminate\\Database\\MySqlConnection.php:47\n  2   vendor\\laravel\\framework\\src\\Illuminate\\Database\\Connection.php:811\n\n  \u2500\u2500\u2500\u2500\u2500\u2500\u2500\u2500\u2500\u2500\u2500\u2500\u2500\u2500\u2500\u2500\u2500\u2500\u2500\u2500\u2500\u2500\u2500\u2500\u2500\u2500\u2500\u2500\u2500\u2500\u2500\u2500\u2500\u2500\u2500\u2500\u2500\u2500\u2500\u2500\u2500\u2500\u2500\u2500\u2500\u2500\u2500\u2500\u2500\u2500\u2500\n   FAILED  Tests\\Browser\\AdminFinan\u2026  QueryException\n  SQLSTATE[42S22]: Column not found: 1054 Unknown column 'role' in 'field list' (Connection: mysql, SQL: insert into `users` (`name`, `email`, `email_verified_at`, `password`, `remember_token`, `role`, `id`, `updated_at`, `created_at`) values (Johnpaul Rogahn, admin@test.com, 2025-08-05 23:30:53, $2y$12$ZiAu9WQEiSJKvc4Ba8c4CeiwCjYLFSSgMDEDumpmIeRTqTRNBzHQS, F5i8GiDd2i, admin, 01987c92-d27f-73c3-9eaa-1bfeeca85660, 2025-08-05 23:30:53, 2025-08-05 23:30:53))\n\n  at vendor\\laravel\\framework\\src\\Illuminate\\Database\\MySqlConnection.php:47\n     43\u2595             if ($this->pretending()) {\n     44\u2595                 return true;\n     45\u2595             }\n     46\u2595\n  \u279c  47\u2595             $statement = $this->getPdo()->prepare($query);\n     48\u2595\n     49\u2595             $this->bindValues($statement, $this->prepareBindings($bindings));\n     50\u2595\n     51\u2595             $this->recordsHaveBeenModified();\n\n  1   vendor\\laravel\\framework\\src\\Illuminate\\Database\\MySqlConnection.php:47\n  2   vendor\\laravel\\framework\\src\\Illuminate\\Database\\Connection.php:811\n\n  \u2500\u2500\u2500\u2500\u2500\u2500\u2500\u2500\u2500\u2500\u2500\u2500\u2500\u2500\u2500\u2500\u2500\u2500\u2500\u2500\u2500\u2500\u2500\u2500\u2500\u2500\u2500\u2500\u2500\u2500\u2500\u2500\u2500\u2500\u2500\u2500\u2500\u2500\u2500\u2500\u2500\u2500\u2500\u2500\u2500\u2500\u2500\u2500\u2500\u2500\u2500\n   FAILED  Tests\\Browser\\AdminFinan\u2026  QueryException\n  SQLSTATE[42S22]: Column not found: 1054 Unknown column 'role' in 'field list' (Connection: mysql, SQL: insert into `users` (`name`, `email`, `email_verified_at`, `password`, `remember_token`, `role`, `id`, `updated_at`, `created_at`) values (Dr. Wiley Fahey DVM, admin@test.com, 2025-08-05 23:30:53, $2y$12$ZiAu9WQEiSJKvc4Ba8c4CeiwCjYLFSSgMDEDumpmIeRTqTRNBzHQS, xGvIunIBpb, admin, 01987c92-d317-72c9-b348-36a22b475905, 2025-08-05 23:30:53, 2025-08-05 23:30:53))\n\n  at vendor\\laravel\\framework\\src\\Illuminate\\Database\\MySqlConnection.php:47\n     43\u2595             if ($this->pretending()) {\n     44\u2595                 return true;\n     45\u2595             }\n     46\u2595\n  \u279c  47\u2595             $statement = $this->getPdo()->prepare($query);\n     48\u2595\n     49\u2595             $this->bindValues($statement, $this->prepareBindings($bindings));\n     50\u2595\n     51\u2595             $this->recordsHaveBeenModified();\n\n  1   vendor\\laravel\\framework\\src\\Illuminate\\Database\\MySqlConnection.php:47\n  2   vendor\\laravel\\framework\\src\\Illuminate\\Database\\Connection.php:811\n\n  \u2500\u2500\u2500\u2500\u2500\u2500\u2500\u2500\u2500\u2500\u2500\u2500\u2500\u2500\u2500\u2500\u2500\u2500\u2500\u2500\u2500\u2500\u2500\u2500\u2500\u2500\u2500\u2500\u2500\u2500\u2500\u2500\u2500\u2500\u2500\u2500\u2500\u2500\u2500\u2500\u2500\u2500\u2500\u2500\u2500\u2500\u2500\u2500\u2500\u2500\u2500\n   FAILED  Tests\\Browser\\AdminFinan\u2026  QueryException\n  SQLSTATE[42S22]: Column not found: 1054 Unknown column 'role' in 'field list' (Connection: mysql, SQL: insert into `users` (`name`, `email`, `email_verified_at`, `password`, `remember_token`, `role`, `id`, `updated_at`, `created_at`) values (Luther Gusikowski, admin@test.com, 2025-08-05 23:30:53, $2y$12$ZiAu9WQEiSJKvc4Ba8c4CeiwCjYLFSSgMDEDumpmIeRTqTRNBzHQS, rPqNyLNzsy, admin, 01987c92-d34d-72d3-aec5-b714949e4d8c, 2025-08-05 23:30:53, 2025-08-05 23:30:53))\n\n  at vendor\\laravel\\framework\\src\\Illuminate\\Database\\MySqlConnection.php:47\n     43\u2595             if ($this->pretending()) {\n     44\u2595                 return true;\n     45\u2595             }\n     46\u2595\n  \u279c  47\u2595             $statement = $this->getPdo()->prepare($query);\n     48\u2595\n     49\u2595             $this->bindValues($statement, $this->prepareBindings($bindings));\n     50\u2595\n     51\u2595             $this->recordsHaveBeenModified();\n\n  1   vendor\\laravel\\framework\\src\\Illuminate\\Database\\MySqlConnection.php:47\n  2   vendor\\laravel\\framework\\src\\Illuminate\\Database\\Connection.php:811\n\n\n  Tests:    4 failed (0 assertions)\n  Duration: 2.00s\n",
            "timestamp": "2025-08-05 23:30:54"
        },
        "AdminManagementSettingsTest": {
            "status": "FAILED",
            "duration": 4.95,
            "output": "Warning: TTY mode is not supported on Windows platform.\n\n   FAIL  Tests\\Browser\\AdminManagementSettingsTest\n  \u2a2f admin customers                             1.64s\n  \u2a2f admin suppliers                             0.11s\n  \u2a2f admin settings                              0.11s\n  \u2a2f admin languages                             0.08s\n  \u2a2f admin theme showcase                        0.08s\n  \u2a2f admin schedule manager                      0.10s\n  \u2500\u2500\u2500\u2500\u2500\u2500\u2500\u2500\u2500\u2500\u2500\u2500\u2500\u2500\u2500\u2500\u2500\u2500\u2500\u2500\u2500\u2500\u2500\u2500\u2500\u2500\u2500\u2500\u2500\u2500\u2500\u2500\u2500\u2500\u2500\u2500\u2500\u2500\u2500\u2500\u2500\u2500\u2500\u2500\u2500\u2500\u2500\u2500\u2500\u2500\u2500\n   FAILED  Tests\\Browser\\AdminManag\u2026  QueryException\n  SQLSTATE[42S22]: Column not found: 1054 Unknown column 'role' in 'field list' (Connection: mysql, SQL: insert into `users` (`name`, `email`, `email_verified_at`, `password`, `remember_token`, `role`, `id`, `updated_at`, `created_at`) values (Velva Schiller, admin@test.com, 2025-08-05 23:30:57, $2y$12$ZNkQwf2XNy5pmDnrZPX9bu\/IFkS5itqutkc5lO0mRLXrBMNLIvJ5a, 7ipIIKwU3t, admin, 01987c92-e414-7001-a260-2e2fe269695f, 2025-08-05 23:30:58, 2025-08-05 23:30:58))\n\n  at vendor\\laravel\\framework\\src\\Illuminate\\Database\\MySqlConnection.php:47\n     43\u2595             if ($this->pretending()) {\n     44\u2595                 return true;\n     45\u2595             }\n     46\u2595\n  \u279c  47\u2595             $statement = $this->getPdo()->prepare($query);\n     48\u2595\n     49\u2595             $this->bindValues($statement, $this->prepareBindings($bindings));\n     50\u2595\n     51\u2595             $this->recordsHaveBeenModified();\n\n  1   vendor\\laravel\\framework\\src\\Illuminate\\Database\\MySqlConnection.php:47\n  2   vendor\\laravel\\framework\\src\\Illuminate\\Database\\Connection.php:811\n\n  \u2500\u2500\u2500\u2500\u2500\u2500\u2500\u2500\u2500\u2500\u2500\u2500\u2500\u2500\u2500\u2500\u2500\u2500\u2500\u2500\u2500\u2500\u2500\u2500\u2500\u2500\u2500\u2500\u2500\u2500\u2500\u2500\u2500\u2500\u2500\u2500\u2500\u2500\u2500\u2500\u2500\u2500\u2500\u2500\u2500\u2500\u2500\u2500\u2500\u2500\u2500\n   FAILED  Tests\\Browser\\AdminManag\u2026  QueryException\n  SQLSTATE[42S22]: Column not found: 1054 Unknown column 'role' in 'field list' (Connection: mysql, SQL: insert into `users` (`name`, `email`, `email_verified_at`, `password`, `remember_token`, `role`, `id`, `updated_at`, `created_at`) values (Cordie Stamm III, admin@test.com, 2025-08-05 23:30:58, $2y$12$ZNkQwf2XNy5pmDnrZPX9bu\/IFkS5itqutkc5lO0mRLXrBMNLIvJ5a, VB4zri2aTm, admin, 01987c92-e4c0-72c5-b2ff-c98e1b59ff04, 2025-08-05 23:30:58, 2025-08-05 23:30:58))\n\n  at vendor\\laravel\\framework\\src\\Illuminate\\Database\\MySqlConnection.php:47\n     43\u2595             if ($this->pretending()) {\n     44\u2595                 return true;\n     45\u2595             }\n     46\u2595\n  \u279c  47\u2595             $statement = $this->getPdo()->prepare($query);\n     48\u2595\n     49\u2595             $this->bindValues($statement, $this->prepareBindings($bindings));\n     50\u2595\n     51\u2595             $this->recordsHaveBeenModified();\n\n  1   vendor\\laravel\\framework\\src\\Illuminate\\Database\\MySqlConnection.php:47\n  2   vendor\\laravel\\framework\\src\\Illuminate\\Database\\Connection.php:811\n\n  \u2500\u2500\u2500\u2500\u2500\u2500\u2500\u2500\u2500\u2500\u2500\u2500\u2500\u2500\u2500\u2500\u2500\u2500\u2500\u2500\u2500\u2500\u2500\u2500\u2500\u2500\u2500\u2500\u2500\u2500\u2500\u2500\u2500\u2500\u2500\u2500\u2500\u2500\u2500\u2500\u2500\u2500\u2500\u2500\u2500\u2500\u2500\u2500\u2500\u2500\u2500\n   FAILED  Tests\\Browser\\AdminManag\u2026  QueryException\n  SQLSTATE[42S22]: Column not found: 1054 Unknown column 'role' in 'field list' (Connection: mysql, SQL: insert into `users` (`name`, `email`, `email_verified_at`, `password`, `remember_token`, `role`, `id`, `updated_at`, `created_at`) values (Anastacio Bins, admin@test.com, 2025-08-05 23:30:58, $2y$12$ZNkQwf2XNy5pmDnrZPX9bu\/IFkS5itqutkc5lO0mRLXrBMNLIvJ5a, 8Z3M7h2AGl, admin, 01987c92-e52f-736e-9a22-af13a9999281, 2025-08-05 23:30:58, 2025-08-05 23:30:58))\n\n  at vendor\\laravel\\framework\\src\\Illuminate\\Database\\MySqlConnection.php:47\n     43\u2595             if ($this->pretending()) {\n     44\u2595                 return true;\n     45\u2595             }\n     46\u2595\n  \u279c  47\u2595             $statement = $this->getPdo()->prepare($query);\n     48\u2595\n     49\u2595             $this->bindValues($statement, $this->prepareBindings($bindings));\n     50\u2595\n     51\u2595             $this->recordsHaveBeenModified();\n\n  1   vendor\\laravel\\framework\\src\\Illuminate\\Database\\MySqlConnection.php:47\n  2   vendor\\laravel\\framework\\src\\Illuminate\\Database\\Connection.php:811\n\n  \u2500\u2500\u2500\u2500\u2500\u2500\u2500\u2500\u2500\u2500\u2500\u2500\u2500\u2500\u2500\u2500\u2500\u2500\u2500\u2500\u2500\u2500\u2500\u2500\u2500\u2500\u2500\u2500\u2500\u2500\u2500\u2500\u2500\u2500\u2500\u2500\u2500\u2500\u2500\u2500\u2500\u2500\u2500\u2500\u2500\u2500\u2500\u2500\u2500\u2500\u2500\n   FAILED  Tests\\Browser\\AdminManag\u2026  QueryException\n  SQLSTATE[42S22]: Column not found: 1054 Unknown column 'role' in 'field list' (Connection: mysql, SQL: insert into `users` (`name`, `email`, `email_verified_at`, `password`, `remember_token`, `role`, `id`, `updated_at`, `created_at`) values (Carli Yundt, admin@test.com, 2025-08-05 23:30:58, $2y$12$ZNkQwf2XNy5pmDnrZPX9bu\/IFkS5itqutkc5lO0mRLXrBMNLIvJ5a, cwin2sZERq, admin, 01987c92-e57f-72ea-ae8a-99499d197425, 2025-08-05 23:30:58, 2025-08-05 23:30:58))\n\n  at vendor\\laravel\\framework\\src\\Illuminate\\Database\\MySqlConnection.php:47\n     43\u2595             if ($this->pretending()) {\n     44\u2595                 return true;\n     45\u2595             }\n     46\u2595\n  \u279c  47\u2595             $statement = $this->getPdo()->prepare($query);\n     48\u2595\n     49\u2595             $this->bindValues($statement, $this->prepareBindings($bindings));\n     50\u2595\n     51\u2595             $this->recordsHaveBeenModified();\n\n  1   vendor\\laravel\\framework\\src\\Illuminate\\Database\\MySqlConnection.php:47\n  2   vendor\\laravel\\framework\\src\\Illuminate\\Database\\Connection.php:811\n\n  \u2500\u2500\u2500\u2500\u2500\u2500\u2500\u2500\u2500\u2500\u2500\u2500\u2500\u2500\u2500\u2500\u2500\u2500\u2500\u2500\u2500\u2500\u2500\u2500\u2500\u2500\u2500\u2500\u2500\u2500\u2500\u2500\u2500\u2500\u2500\u2500\u2500\u2500\u2500\u2500\u2500\u2500\u2500\u2500\u2500\u2500\u2500\u2500\u2500\u2500\u2500\n   FAILED  Tests\\Browser\\AdminManag\u2026  QueryException\n  SQLSTATE[42S22]: Column not found: 1054 Unknown column 'role' in 'field list' (Connection: mysql, SQL: insert into `users` (`name`, `email`, `email_verified_at`, `password`, `remember_token`, `role`, `id`, `updated_at`, `created_at`) values (Graham Goldner, admin@test.com, 2025-08-05 23:30:58, $2y$12$ZNkQwf2XNy5pmDnrZPX9bu\/IFkS5itqutkc5lO0mRLXrBMNLIvJ5a, BntJxJ3lyC, admin, 01987c92-e5d0-7000-a2e0-60934b3fc086, 2025-08-05 23:30:58, 2025-08-05 23:30:58))\n\n  at vendor\\laravel\\framework\\src\\Illuminate\\Database\\MySqlConnection.php:47\n     43\u2595             if ($this->pretending()) {\n     44\u2595                 return true;\n     45\u2595             }\n     46\u2595\n  \u279c  47\u2595             $statement = $this->getPdo()->prepare($query);\n     48\u2595\n     49\u2595             $this->bindValues($statement, $this->prepareBindings($bindings));\n     50\u2595\n     51\u2595             $this->recordsHaveBeenModified();\n\n  1   vendor\\laravel\\framework\\src\\Illuminate\\Database\\MySqlConnection.php:47\n  2   vendor\\laravel\\framework\\src\\Illuminate\\Database\\Connection.php:811\n\n  \u2500\u2500\u2500\u2500\u2500\u2500\u2500\u2500\u2500\u2500\u2500\u2500\u2500\u2500\u2500\u2500\u2500\u2500\u2500\u2500\u2500\u2500\u2500\u2500\u2500\u2500\u2500\u2500\u2500\u2500\u2500\u2500\u2500\u2500\u2500\u2500\u2500\u2500\u2500\u2500\u2500\u2500\u2500\u2500\u2500\u2500\u2500\u2500\u2500\u2500\u2500\n   FAILED  Tests\\Browser\\AdminManag\u2026  QueryException\n  SQLSTATE[42S22]: Column not found: 1054 Unknown column 'role' in 'field list' (Connection: mysql, SQL: insert into `users` (`name`, `email`, `email_verified_at`, `password`, `remember_token`, `role`, `id`, `updated_at`, `created_at`) values (Jenifer Shields PhD, admin@test.com, 2025-08-05 23:30:58, $2y$12$ZNkQwf2XNy5pmDnrZPX9bu\/IFkS5itqutkc5lO0mRLXrBMNLIvJ5a, vbORzsVJpQ, admin, 01987c92-e629-71e7-a797-dfbc896b340e, 2025-08-05 23:30:58, 2025-08-05 23:30:58))\n\n  at vendor\\laravel\\framework\\src\\Illuminate\\Database\\MySqlConnection.php:47\n     43\u2595             if ($this->pretending()) {\n     44\u2595                 return true;\n     45\u2595             }\n     46\u2595\n  \u279c  47\u2595             $statement = $this->getPdo()->prepare($query);\n     48\u2595\n     49\u2595             $this->bindValues($statement, $this->prepareBindings($bindings));\n     50\u2595\n     51\u2595             $this->recordsHaveBeenModified();\n\n  1   vendor\\laravel\\framework\\src\\Illuminate\\Database\\MySqlConnection.php:47\n  2   vendor\\laravel\\framework\\src\\Illuminate\\Database\\Connection.php:811\n\n\n  Tests:    6 failed (0 assertions)\n  Duration: 2.89s\n",
            "timestamp": "2025-08-05 23:30:59"
        },
        "ComprehensiveRouteTest": {
            "status": "FAILED",
            "duration": 19,
            "output": "Warning: TTY mode is not supported on Windows platform.\n\n   FAIL  Tests\\Browser\\ComprehensiveRouteTest\n  \u2a2f all public routes                           7.70s\n  \u2a2f all admin routes                            0.61s\n  \u2a2f composable product routes                   7.15s\n  \u2500\u2500\u2500\u2500\u2500\u2500\u2500\u2500\u2500\u2500\u2500\u2500\u2500\u2500\u2500\u2500\u2500\u2500\u2500\u2500\u2500\u2500\u2500\u2500\u2500\u2500\u2500\u2500\u2500\u2500\u2500\u2500\u2500\u2500\u2500\u2500\u2500\u2500\u2500\u2500\u2500\u2500\u2500\u2500\u2500\u2500\u2500\u2500\u2500\u2500\u2500\n   FAILED  Tests\\Browse\u2026  SessionNotCreatedException\n  session not created: This version of ChromeDriver only supports Chrome version 139\nCurrent browser version is 138.0.7204.184 with binary path C:\\Program Files\\Google\\Chrome\\Application\\chrome.exe\n\n  at vendor\\php-webdriver\\webdriver\\lib\\Exception\\WebDriverException.php:130\n    126\u2595                     throw new NoSuchShadowRootException($message, $results);\n    127\u2595                 case 'script timeout':\n    128\u2595                     throw new ScriptTimeoutException($message, $results);\n    129\u2595                 case 'session not created':\n  \u279c 130\u2595                     throw new SessionNotCreatedException($message, $results);\n    131\u2595                 case 'stale element reference':\n    132\u2595                     throw new StaleElementReferenceException($message, $results);\n    133\u2595                 case 'detached shadow root':\n    134\u2595                     throw new DetachedShadowRootException($message, $results);\n\n  1   vendor\\php-webdriver\\webdriver\\lib\\Exception\\WebDriverException.php:130\n  2   vendor\\php-webdriver\\webdriver\\lib\\Remote\\HttpCommandExecutor.php:359\n\n  \u2500\u2500\u2500\u2500\u2500\u2500\u2500\u2500\u2500\u2500\u2500\u2500\u2500\u2500\u2500\u2500\u2500\u2500\u2500\u2500\u2500\u2500\u2500\u2500\u2500\u2500\u2500\u2500\u2500\u2500\u2500\u2500\u2500\u2500\u2500\u2500\u2500\u2500\u2500\u2500\u2500\u2500\u2500\u2500\u2500\u2500\u2500\u2500\u2500\u2500\u2500\n   FAILED  Tests\\Browser\\Comprehens\u2026  QueryException\n  SQLSTATE[42S22]: Column not found: 1054 Unknown column 'role' in 'field list' (Connection: mysql, SQL: insert into `users` (`name`, `email`, `email_verified_at`, `password`, `remember_token`, `role`, `id`, `updated_at`, `created_at`) values (Abbigail Leannon Sr., admin@test.com, 2025-08-05 23:31:10, $2y$12$Zs\/LRJgPDTJX\/xmlVfqPG.XekJxx0fB.SISJhIMlpKWwsFNAg7z82, mUT8ZvUYAg, admin, 01987c93-144d-735e-8f15-37d58b7c9bf6, 2025-08-05 23:31:10, 2025-08-05 23:31:10))\n\n  at vendor\\laravel\\framework\\src\\Illuminate\\Database\\MySqlConnection.php:47\n     43\u2595             if ($this->pretending()) {\n     44\u2595                 return true;\n     45\u2595             }\n     46\u2595\n  \u279c  47\u2595             $statement = $this->getPdo()->prepare($query);\n     48\u2595\n     49\u2595             $this->bindValues($statement, $this->prepareBindings($bindings));\n     50\u2595\n     51\u2595             $this->recordsHaveBeenModified();\n\n  1   vendor\\laravel\\framework\\src\\Illuminate\\Database\\MySqlConnection.php:47\n  2   vendor\\laravel\\framework\\src\\Illuminate\\Database\\Connection.php:811\n\n  \u2500\u2500\u2500\u2500\u2500\u2500\u2500\u2500\u2500\u2500\u2500\u2500\u2500\u2500\u2500\u2500\u2500\u2500\u2500\u2500\u2500\u2500\u2500\u2500\u2500\u2500\u2500\u2500\u2500\u2500\u2500\u2500\u2500\u2500\u2500\u2500\u2500\u2500\u2500\u2500\u2500\u2500\u2500\u2500\u2500\u2500\u2500\u2500\u2500\u2500\u2500\n   FAILED  Tests\\Browse\u2026  SessionNotCreatedException\n  session not created: This version of ChromeDriver only supports Chrome version 139\nCurrent browser version is 138.0.7204.184 with binary path C:\\Program Files\\Google\\Chrome\\Application\\chrome.exe\n\n  at vendor\\php-webdriver\\webdriver\\lib\\Exception\\WebDriverException.php:130\n    126\u2595                     throw new NoSuchShadowRootException($message, $results);\n    127\u2595                 case 'script timeout':\n    128\u2595                     throw new ScriptTimeoutException($message, $results);\n    129\u2595                 case 'session not created':\n  \u279c 130\u2595                     throw new SessionNotCreatedException($message, $results);\n    131\u2595                 case 'stale element reference':\n    132\u2595                     throw new StaleElementReferenceException($message, $results);\n    133\u2595                 case 'detached shadow root':\n    134\u2595                     throw new DetachedShadowRootException($message, $results);\n\n  1   vendor\\php-webdriver\\webdriver\\lib\\Exception\\WebDriverException.php:130\n  2   vendor\\php-webdriver\\webdriver\\lib\\Remote\\HttpCommandExecutor.php:359\n\n\n  Tests:    3 failed (0 assertions)\n  Duration: 16.52s\n",
            "timestamp": "2025-08-05 23:31:18"
        }
    },
    "screenshots": []
}